<!DOCTYPE html>

<html>
  <head>
  <meta charset='utf-8'>
  <title>TestNG reports</title>

    <link type="text/css" href="testng-reports.css" rel="stylesheet" />
    <script type="text/javascript" src="jquery-1.7.1.min.js"></script>
    <script type="text/javascript" src="testng-reports.js"></script>
    <script type="text/javascript" src="https://www.google.com/jsapi"></script>
    <script type='text/javascript'>
      google.load('visualization', '1', {packages:['table']});
      google.setOnLoadCallback(drawTable);
      var suiteTableInitFunctions = new Array();
      var suiteTableData = new Array();
    </script>
    <!--
      <script type="text/javascript" src="jquery-ui/js/jquery-ui-1.8.16.custom.min.js"></script>
     -->
  </head>

  <body>
    <div class="top-banner-root">
      <span class="top-banner-title-font">Test results</span>
      <br/>
      <span class="top-banner-font-1">1 suite, 7 failed tests</span>
    </div> <!-- top-banner-root -->
    <div class="navigator-root">
      <div class="navigator-suite-header">
        <span>All suites</span>
        <a href="#" class="collapse-all-link" title="Collapse/expand all the suites">
          <img class="collapse-all-icon" src="collapseall.gif">
          </img> <!-- collapse-all-icon -->
        </a> <!-- collapse-all-link -->
      </div> <!-- navigator-suite-header -->
      <div class="suite">
        <div class="rounded-window">
          <div class="suite-header light-rounded-window-top">
            <a href="#" class="navigator-link" panel-name="suite-Automation_Framework_CS_PORTAl_Test_Suite">
              <span class="suite-name border-failed">Automation Framework CS PORTAl Test Suite</span>
            </a> <!-- navigator-link -->
          </div> <!-- suite-header light-rounded-window-top -->
          <div class="navigator-suite-content">
            <div class="suite-section-title">
              <span>Info</span>
            </div> <!-- suite-section-title -->
            <div class="suite-section-content">
              <ul>
                <li>
                  <a href="#" class="navigator-link " panel-name="test-xml-Automation_Framework_CS_PORTAl_Test_Suite">
                    <span>C:\Users\2394650\IdeaProjects\cs-portal-automation_selenium1\Prod.xml</span>
                  </a> <!-- navigator-link  -->
                </li>
                <li>
                  <a href="#" class="navigator-link " panel-name="testlist-Automation_Framework_CS_PORTAl_Test_Suite">
                    <span class="test-stats">4 tests</span>
                  </a> <!-- navigator-link  -->
                </li>
                <li>
                  <a href="#" class="navigator-link " panel-name="group-Automation_Framework_CS_PORTAl_Test_Suite">
                    <span>0 groups</span>
                  </a> <!-- navigator-link  -->
                </li>
                <li>
                  <a href="#" class="navigator-link " panel-name="times-Automation_Framework_CS_PORTAl_Test_Suite">
                    <span>Times</span>
                  </a> <!-- navigator-link  -->
                </li>
                <li>
                  <a href="#" class="navigator-link " panel-name="reporter-Automation_Framework_CS_PORTAl_Test_Suite">
                    <span>Reporter output</span>
                  </a> <!-- navigator-link  -->
                </li>
                <li>
                  <a href="#" class="navigator-link " panel-name="ignored-methods-Automation_Framework_CS_PORTAl_Test_Suite">
                    <span>Ignored methods</span>
                  </a> <!-- navigator-link  -->
                </li>
                <li>
                  <a href="#" class="navigator-link " panel-name="chronological-Automation_Framework_CS_PORTAl_Test_Suite">
                    <span>Chronological view</span>
                  </a> <!-- navigator-link  -->
                </li>
              </ul>
            </div> <!-- suite-section-content -->
            <div class="result-section">
              <div class="suite-section-title">
                <span>Results</span>
              </div> <!-- suite-section-title -->
              <div class="suite-section-content">
                <ul>
                  <li>
                    <span class="method-stats">18 methods, 7 failed,  10 skipped,  1 passed</span>
                  </li>
                  <li>
                    <span class="method-list-title failed">Failed methods</span>
                    <span class="show-or-hide-methods failed">
                      <a href="#" panel-name="suite-Automation_Framework_CS_PORTAl_Test_Suite" class="hide-methods failed suite-Automation_Framework_CS_PORTAl_Test_Suite"> (hide)</a> <!-- hide-methods failed suite-Automation_Framework_CS_PORTAl_Test_Suite -->
                      <a href="#" panel-name="suite-Automation_Framework_CS_PORTAl_Test_Suite" class="show-methods failed suite-Automation_Framework_CS_PORTAl_Test_Suite"> (show)</a> <!-- show-methods failed suite-Automation_Framework_CS_PORTAl_Test_Suite -->
                    </span>
                    <div class="method-list-content failed suite-Automation_Framework_CS_PORTAl_Test_Suite">
                      <span>
                        <img width="3%" src="failed.png"/>
                        <a href="#" class="method navigator-link" panel-name="suite-Automation_Framework_CS_PORTAl_Test_Suite" title="tests.LoginTests" hash-for-method="LoggingIN(public void tests.LoginTests.LoggingIN(java.lang.reflect.Method,Utils.DataProviders.TestDatabean), U...)">LoggingIN(public void tests.LoginTests.LoggingIN(java.lang.reflect.Method,Utils.DataProviders.TestDatabean), U...)</a> <!-- method navigator-link -->
                      </span>
                      <br/>
                      <span>
                        <img width="3%" src="failed.png"/>
                        <a href="#" class="method navigator-link" panel-name="suite-Automation_Framework_CS_PORTAl_Test_Suite" title="tests.customerInteractionTest" hash-for-method="openCustomerInteraction(Utils.DataProviders.TestDatabean@26c7b1c6)">openCustomerInteraction(Utils.DataProviders.TestDatabean@26c7b1c6)</a> <!-- method navigator-link -->
                      </span>
                      <br/>
                      <span>
                        <img width="3%" src="failed.png"/>
                        <a href="#" class="method navigator-link" panel-name="suite-Automation_Framework_CS_PORTAl_Test_Suite" title="tests.widgetsOptionsTest" hash-for-method="openCustomerInteractionAPI(Utils.DataProviders.TestDatabean@7b44bfb8)">openCustomerInteractionAPI(Utils.DataProviders.TestDatabean@7b44bfb8)</a> <!-- method navigator-link -->
                      </span>
                      <br/>
                      <span>
                        <img width="3%" src="failed.png"/>
                        <a href="#" class="method navigator-link" panel-name="suite-Automation_Framework_CS_PORTAl_Test_Suite" title="tests.customerInteractionTest" hash-for-method="openCustomerInteractionAPI(Utils.DataProviders.TestDatabean@10131289)">openCustomerInteractionAPI(Utils.DataProviders.TestDatabean@10131289)</a> <!-- method navigator-link -->
                      </span>
                      <br/>
                      <span>
                        <img width="3%" src="failed.png"/>
                        <a href="#" class="method navigator-link" panel-name="suite-Automation_Framework_CS_PORTAl_Test_Suite" title="tests.customerInteractionTest" hash-for-method="openCustomerInteractionBySIM(Utils.DataProviders.TestDatabean@59b492ec)">openCustomerInteractionBySIM(Utils.DataProviders.TestDatabean@59b492ec)</a> <!-- method navigator-link -->
                      </span>
                      <br/>
                      <span>
                        <img width="3%" src="failed.png"/>
                        <a href="#" class="method navigator-link" panel-name="suite-Automation_Framework_CS_PORTAl_Test_Suite" title="tests.sideMenuTests" hash-for-method="sideMenuAssert">sideMenuAssert</a> <!-- method navigator-link -->
                      </span>
                      <br/>
                      <span>
                        <img width="3%" src="failed.png"/>
                        <a href="#" class="method navigator-link" panel-name="suite-Automation_Framework_CS_PORTAl_Test_Suite" title="tests.customerInteractionTest" hash-for-method="yourCurrentBalanceWidgetTest">yourCurrentBalanceWidgetTest</a> <!-- method navigator-link -->
                      </span>
                      <br/>
                    </div> <!-- method-list-content failed suite-Automation_Framework_CS_PORTAl_Test_Suite -->
                  </li>
                  <li>
                    <span class="method-list-title skipped">Skipped methods</span>
                    <span class="show-or-hide-methods skipped">
                      <a href="#" panel-name="suite-Automation_Framework_CS_PORTAl_Test_Suite" class="hide-methods skipped suite-Automation_Framework_CS_PORTAl_Test_Suite"> (hide)</a> <!-- hide-methods skipped suite-Automation_Framework_CS_PORTAl_Test_Suite -->
                      <a href="#" panel-name="suite-Automation_Framework_CS_PORTAl_Test_Suite" class="show-methods skipped suite-Automation_Framework_CS_PORTAl_Test_Suite"> (show)</a> <!-- show-methods skipped suite-Automation_Framework_CS_PORTAl_Test_Suite -->
                    </span>
                    <div class="method-list-content skipped suite-Automation_Framework_CS_PORTAl_Test_Suite">
                      <span>
                        <img width="3%" src="skipped.png"/>
                        <a href="#" class="method navigator-link" panel-name="suite-Automation_Framework_CS_PORTAl_Test_Suite" title="tests.widgetsOptionsTest" hash-for-method="accumulatorDetailsTest">accumulatorDetailsTest</a> <!-- method navigator-link -->
                      </span>
                      <br/>
                      <span>
                        <img width="3%" src="skipped.png"/>
                        <a href="#" class="method navigator-link" panel-name="suite-Automation_Framework_CS_PORTAl_Test_Suite" title="tests.customerInteractionTest" hash-for-method="airtelMoneyTransactionWidgetTest">airtelMoneyTransactionWidgetTest</a> <!-- method navigator-link -->
                      </span>
                      <br/>
                      <span>
                        <img width="3%" src="skipped.png"/>
                        <a href="#" class="method navigator-link" panel-name="suite-Automation_Framework_CS_PORTAl_Test_Suite" title="tests.widgetsOptionsTest" hash-for-method="daDetailsTest">daDetailsTest</a> <!-- method navigator-link -->
                      </span>
                      <br/>
                      <span>
                        <img width="3%" src="skipped.png"/>
                        <a href="#" class="method navigator-link" panel-name="suite-Automation_Framework_CS_PORTAl_Test_Suite" title="tests.customerInteractionTest" hash-for-method="invalidMSISDNTest">invalidMSISDNTest</a> <!-- method navigator-link -->
                      </span>
                      <br/>
                      <span>
                        <img width="3%" src="skipped.png"/>
                        <a href="#" class="method navigator-link" panel-name="suite-Automation_Framework_CS_PORTAl_Test_Suite" title="tests.widgetsOptionsTest" hash-for-method="rechargeHistoryMenuTest">rechargeHistoryMenuTest</a> <!-- method navigator-link -->
                      </span>
                      <br/>
                      <span>
                        <img width="3%" src="skipped.png"/>
                        <a href="#" class="method navigator-link" panel-name="suite-Automation_Framework_CS_PORTAl_Test_Suite" title="tests.customerInteractionTest" hash-for-method="rechargeHistoryWidgetTest">rechargeHistoryWidgetTest</a> <!-- method navigator-link -->
                      </span>
                      <br/>
                      <span>
                        <img width="3%" src="skipped.png"/>
                        <a href="#" class="method navigator-link" panel-name="suite-Automation_Framework_CS_PORTAl_Test_Suite" title="tests.widgetsOptionsTest" hash-for-method="usageHistoryMenuTest">usageHistoryMenuTest</a> <!-- method navigator-link -->
                      </span>
                      <br/>
                      <span>
                        <img width="3%" src="skipped.png"/>
                        <a href="#" class="method navigator-link" panel-name="suite-Automation_Framework_CS_PORTAl_Test_Suite" title="tests.customerInteractionTest" hash-for-method="usageHistoryWidgetTest">usageHistoryWidgetTest</a> <!-- method navigator-link -->
                      </span>
                      <br/>
                      <span>
                        <img width="3%" src="skipped.png"/>
                        <a href="#" class="method navigator-link" panel-name="suite-Automation_Framework_CS_PORTAl_Test_Suite" title="tests.customerInteractionTest" hash-for-method="validateDemographicInformation">validateDemographicInformation</a> <!-- method navigator-link -->
                      </span>
                      <br/>
                      <span>
                        <img width="3%" src="skipped.png"/>
                        <a href="#" class="method navigator-link" panel-name="suite-Automation_Framework_CS_PORTAl_Test_Suite" title="tests.customerInteractionTest" hash-for-method="validateDemographicInformationBySIMNumber">validateDemographicInformationBySIMNumber</a> <!-- method navigator-link -->
                      </span>
                      <br/>
                    </div> <!-- method-list-content skipped suite-Automation_Framework_CS_PORTAl_Test_Suite -->
                  </li>
                  <li>
                    <span class="method-list-title passed">Passed methods</span>
                    <span class="show-or-hide-methods passed">
                      <a href="#" panel-name="suite-Automation_Framework_CS_PORTAl_Test_Suite" class="hide-methods passed suite-Automation_Framework_CS_PORTAl_Test_Suite"> (hide)</a> <!-- hide-methods passed suite-Automation_Framework_CS_PORTAl_Test_Suite -->
                      <a href="#" panel-name="suite-Automation_Framework_CS_PORTAl_Test_Suite" class="show-methods passed suite-Automation_Framework_CS_PORTAl_Test_Suite"> (show)</a> <!-- show-methods passed suite-Automation_Framework_CS_PORTAl_Test_Suite -->
                    </span>
                    <div class="method-list-content passed suite-Automation_Framework_CS_PORTAl_Test_Suite">
                      <span>
                        <img width="3%" src="passed.png"/>
                        <a href="#" class="method navigator-link" panel-name="suite-Automation_Framework_CS_PORTAl_Test_Suite" title="API.APIEndPoints" hash-for-method="loginAPI(Utils.DataProviders.TestDatabean@184823ed)">loginAPI(Utils.DataProviders.TestDatabean@184823ed)</a> <!-- method navigator-link -->
                      </span>
                      <br/>
                    </div> <!-- method-list-content passed suite-Automation_Framework_CS_PORTAl_Test_Suite -->
                  </li>
                </ul>
              </div> <!-- suite-section-content -->
            </div> <!-- result-section -->
          </div> <!-- navigator-suite-content -->
        </div> <!-- rounded-window -->
      </div> <!-- suite -->
    </div> <!-- navigator-root -->
    <div class="wrapper">
      <div class="main-panel-root">
        <div panel-name="suite-Automation_Framework_CS_PORTAl_Test_Suite" class="panel Automation_Framework_CS_PORTAl_Test_Suite">
          <div class="suite-Automation_Framework_CS_PORTAl_Test_Suite-class-failed">
            <div class="main-panel-header rounded-window-top">
              <img src="failed.png"/>
              <span class="class-name">tests.sideMenuTests</span>
            </div> <!-- main-panel-header rounded-window-top -->
            <div class="main-panel-content rounded-window-bottom">
              <div class="method">
                <div class="method-content">
                  <a name="sideMenuAssert">
                  </a> <!-- sideMenuAssert -->
                  <span class="method-name">sideMenuAssert</span>
                  <div class="stack-trace">org.openqa.selenium.TimeoutException: Expected condition failed: waiting for visibility of element located by By.xpath: //mat-toolbar//button (tried for 60 second(s) with 500 milliseconds interval)
	at org.openqa.selenium.support.ui.WebDriverWait.timeoutException(WebDriverWait.java:138)
	at org.openqa.selenium.support.ui.FluentWait.until(FluentWait.java:234)
	at pages.SideMenuPOM.clickOnSideMenu(SideMenuPOM.java:40)
	at tests.sideMenuTests.sideMenuAssert(sideMenuTests.java:19)
	at java.util.ArrayList.forEach(ArrayList.java:1257)
Caused by: org.openqa.selenium.NoSuchElementException: no such element: Unable to locate element: {&quot;method&quot;:&quot;xpath&quot;,&quot;selector&quot;:&quot;//mat-toolbar//button&quot;}
  (Session info: headless chrome=89.0.4389.82)
For documentation on this error, please visit: https://www.seleniumhq.org/exceptions/no_such_element.html
Build info: version: &apos;4.0.0-alpha-3&apos;, revision: &apos;8c567de6dc&apos;
System info: host: &apos;LT2394650&apos;, ip: &apos;172.23.64.219&apos;, os.name: &apos;Windows 10&apos;, os.arch: &apos;amd64&apos;, os.version: &apos;10.0&apos;, java.version: &apos;1.8.0_231&apos;
Driver info: org.openqa.selenium.chrome.ChromeDriver
Capabilities {acceptInsecureCerts: true, browserName: chrome, browserVersion: 89.0.4389.82, chrome: {chromedriverVersion: 89.0.4389.23 (61b08ee2c5002..., userDataDir: C:\Users\2394650\AppData\Lo...}, goog:chromeOptions: {debuggerAddress: localhost:62859}, javascriptEnabled: true, networkConnectionEnabled: false, pageLoadStrategy: normal, platform: WINDOWS, platformName: WINDOWS, proxy: Proxy(), setWindowRect: true, strictFileInteractability: false, timeouts: {implicit: 0, pageLoad: 300000, script: 30000}, unhandledPromptBehavior: dismiss and notify, webauthn:extension:largeBlob: true, webauthn:virtualAuthenticators: true}
Session ID: 1257bd7cdd1631bf0c521e12d0a8ea03
*** Element info: {Using=xpath, value=//mat-toolbar//button}
	at org.openqa.selenium.remote.codec.w3c.W3CHttpResponseCodec.createException(W3CHttpResponseCodec.java:191)
	at org.openqa.selenium.remote.codec.w3c.W3CHttpResponseCodec.decode(W3CHttpResponseCodec.java:125)
	at org.openqa.selenium.remote.codec.w3c.W3CHttpResponseCodec.decode(W3CHttpResponseCodec.java:52)
	at org.openqa.selenium.remote.HttpCommandExecutor.execute(HttpCommandExecutor.java:161)
	at org.openqa.selenium.remote.service.DriverCommandExecutor.execute(DriverCommandExecutor.java:83)
	at org.openqa.selenium.remote.RemoteWebDriver.execute(RemoteWebDriver.java:576)
	at org.openqa.selenium.remote.RemoteWebDriver.findElement(RemoteWebDriver.java:327)
	at org.openqa.selenium.remote.RemoteWebDriver.findElementByXPath(RemoteWebDriver.java:445)
	at org.openqa.selenium.By$ByXPath.findElement(By.java:396)
	at org.openqa.selenium.remote.RemoteWebDriver.findElement(RemoteWebDriver.java:319)
	at org.openqa.selenium.support.ui.ExpectedConditions$7.apply(ExpectedConditions.java:205)
	at org.openqa.selenium.support.ui.ExpectedConditions$7.apply(ExpectedConditions.java:201)
	at org.openqa.selenium.support.ui.FluentWait.until(FluentWait.java:211)
	... 34 more
... Removed 34 stack frames
</div> <!-- stack-trace -->
                  <em>
(Validating Side Menu )                  </em>
                </div> <!-- method-content -->
              </div> <!-- method -->
            </div> <!-- main-panel-content rounded-window-bottom -->
          </div> <!-- suite-Automation_Framework_CS_PORTAl_Test_Suite-class-failed -->
          <div class="suite-Automation_Framework_CS_PORTAl_Test_Suite-class-failed">
            <div class="main-panel-header rounded-window-top">
              <img src="failed.png"/>
              <span class="class-name">tests.LoginTests</span>
            </div> <!-- main-panel-header rounded-window-top -->
            <div class="main-panel-content rounded-window-bottom">
              <div class="method">
                <div class="method-content">
                  <a name="LoggingIN(public void tests.LoginTests.LoggingIN(java.lang.reflect.Method,Utils.DataProviders.TestDatabean), U...)">
                  </a> <!-- LoggingIN(public void tests.LoginTests.LoggingIN(java.lang.reflect.Method,Utils.DataProviders.TestDatabean), U...) -->
                  <span class="method-name">LoggingIN</span>
                  <span class="parameters">(public void tests.LoginTests.LoggingIN(java.lang.reflect.Method,Utils.DataProviders.TestDatabean), Utils.DataProviders.TestDatabean@67f946c3)</span>
                  <div class="stack-trace">org.openqa.selenium.TimeoutException: Expected condition failed: waiting for presence of element located by: By.xpath: //input[@formcontrolname=&quot;loginTypeStatus&quot;] (tried for 60 second(s) with 500 milliseconds interval)
	at org.openqa.selenium.support.ui.WebDriverWait.timeoutException(WebDriverWait.java:138)
	at org.openqa.selenium.support.ui.FluentWait.until(FluentWait.java:234)
	at pages.BasePage.waitVisibility(BasePage.java:126)
	at pages.BasePage.writeText(BasePage.java:90)
	at pages.loginPagePOM.enterAUUID(loginPagePOM.java:40)
	at tests.LoginTests.LoggingIN(LoginTests.java:24)
	at java.util.ArrayList.forEach(ArrayList.java:1257)
Caused by: org.openqa.selenium.NoSuchElementException: no such element: Unable to locate element: {&quot;method&quot;:&quot;xpath&quot;,&quot;selector&quot;:&quot;//input[@formcontrolname=&quot;loginTypeStatus&quot;]&quot;}
  (Session info: headless chrome=89.0.4389.82)
For documentation on this error, please visit: https://www.seleniumhq.org/exceptions/no_such_element.html
Build info: version: &apos;4.0.0-alpha-3&apos;, revision: &apos;8c567de6dc&apos;
System info: host: &apos;LT2394650&apos;, ip: &apos;172.23.64.219&apos;, os.name: &apos;Windows 10&apos;, os.arch: &apos;amd64&apos;, os.version: &apos;10.0&apos;, java.version: &apos;1.8.0_231&apos;
Driver info: org.openqa.selenium.chrome.ChromeDriver
Capabilities {acceptInsecureCerts: true, browserName: chrome, browserVersion: 89.0.4389.82, chrome: {chromedriverVersion: 89.0.4389.23 (61b08ee2c5002..., userDataDir: C:\Users\2394650\AppData\Lo...}, goog:chromeOptions: {debuggerAddress: localhost:62859}, javascriptEnabled: true, networkConnectionEnabled: false, pageLoadStrategy: normal, platform: WINDOWS, platformName: WINDOWS, proxy: Proxy(), setWindowRect: true, strictFileInteractability: false, timeouts: {implicit: 0, pageLoad: 300000, script: 30000}, unhandledPromptBehavior: dismiss and notify, webauthn:extension:largeBlob: true, webauthn:virtualAuthenticators: true}
Session ID: 1257bd7cdd1631bf0c521e12d0a8ea03
*** Element info: {Using=xpath, value=//input[@formcontrolname=&quot;loginTypeStatus&quot;]}
	at org.openqa.selenium.remote.codec.w3c.W3CHttpResponseCodec.createException(W3CHttpResponseCodec.java:191)
	at org.openqa.selenium.remote.codec.w3c.W3CHttpResponseCodec.decode(W3CHttpResponseCodec.java:125)
	at org.openqa.selenium.remote.codec.w3c.W3CHttpResponseCodec.decode(W3CHttpResponseCodec.java:52)
	at org.openqa.selenium.remote.HttpCommandExecutor.execute(HttpCommandExecutor.java:161)
	at org.openqa.selenium.remote.service.DriverCommandExecutor.execute(DriverCommandExecutor.java:83)
	at org.openqa.selenium.remote.RemoteWebDriver.execute(RemoteWebDriver.java:576)
	at org.openqa.selenium.remote.RemoteWebDriver.findElement(RemoteWebDriver.java:327)
	at org.openqa.selenium.remote.RemoteWebDriver.findElementByXPath(RemoteWebDriver.java:445)
	at org.openqa.selenium.By$ByXPath.findElement(By.java:396)
	at org.openqa.selenium.remote.RemoteWebDriver.findElement(RemoteWebDriver.java:319)
	at org.openqa.selenium.support.ui.ExpectedConditions$6.apply(ExpectedConditions.java:182)
	at org.openqa.selenium.support.ui.ExpectedConditions$6.apply(ExpectedConditions.java:179)
	at org.openqa.selenium.support.ui.FluentWait.until(FluentWait.java:211)
	... 36 more
... Removed 35 stack frames
</div> <!-- stack-trace -->
                  <em>
(Logging IN)                  </em>
                </div> <!-- method-content -->
              </div> <!-- method -->
            </div> <!-- main-panel-content rounded-window-bottom -->
          </div> <!-- suite-Automation_Framework_CS_PORTAl_Test_Suite-class-failed -->
          <div class="suite-Automation_Framework_CS_PORTAl_Test_Suite-class-failed">
            <div class="main-panel-header rounded-window-top">
              <img src="failed.png"/>
              <span class="class-name">tests.customerInteractionTest</span>
            </div> <!-- main-panel-header rounded-window-top -->
            <div class="main-panel-content rounded-window-bottom">
              <div class="method">
                <div class="method-content">
                  <a name="openCustomerInteraction(Utils.DataProviders.TestDatabean@26c7b1c6)">
                  </a> <!-- openCustomerInteraction(Utils.DataProviders.TestDatabean@26c7b1c6) -->
                  <span class="method-name">openCustomerInteraction</span>
                  <span class="parameters">(Utils.DataProviders.TestDatabean@26c7b1c6)</span>
                  <div class="stack-trace">org.openqa.selenium.TimeoutException: Expected condition failed: waiting for visibility of element located by By.xpath: //mat-toolbar//button (tried for 60 second(s) with 500 milliseconds interval)
	at org.openqa.selenium.support.ui.WebDriverWait.timeoutException(WebDriverWait.java:138)
	at org.openqa.selenium.support.ui.FluentWait.until(FluentWait.java:234)
	at pages.SideMenuPOM.clickOnSideMenu(SideMenuPOM.java:40)
	at tests.customerInteractionTest.openCustomerInteraction(customerInteractionTest.java:45)
	at java.util.ArrayList.forEach(ArrayList.java:1257)
Caused by: org.openqa.selenium.NoSuchElementException: no such element: Unable to locate element: {&quot;method&quot;:&quot;xpath&quot;,&quot;selector&quot;:&quot;//mat-toolbar//button&quot;}
  (Session info: headless chrome=89.0.4389.82)
For documentation on this error, please visit: https://www.seleniumhq.org/exceptions/no_such_element.html
Build info: version: &apos;4.0.0-alpha-3&apos;, revision: &apos;8c567de6dc&apos;
System info: host: &apos;LT2394650&apos;, ip: &apos;172.23.64.219&apos;, os.name: &apos;Windows 10&apos;, os.arch: &apos;amd64&apos;, os.version: &apos;10.0&apos;, java.version: &apos;1.8.0_231&apos;
Driver info: org.openqa.selenium.chrome.ChromeDriver
Capabilities {acceptInsecureCerts: true, browserName: chrome, browserVersion: 89.0.4389.82, chrome: {chromedriverVersion: 89.0.4389.23 (61b08ee2c5002..., userDataDir: C:\Users\2394650\AppData\Lo...}, goog:chromeOptions: {debuggerAddress: localhost:62859}, javascriptEnabled: true, networkConnectionEnabled: false, pageLoadStrategy: normal, platform: WINDOWS, platformName: WINDOWS, proxy: Proxy(), setWindowRect: true, strictFileInteractability: false, timeouts: {implicit: 0, pageLoad: 300000, script: 30000}, unhandledPromptBehavior: dismiss and notify, webauthn:extension:largeBlob: true, webauthn:virtualAuthenticators: true}
Session ID: 1257bd7cdd1631bf0c521e12d0a8ea03
*** Element info: {Using=xpath, value=//mat-toolbar//button}
	at org.openqa.selenium.remote.codec.w3c.W3CHttpResponseCodec.createException(W3CHttpResponseCodec.java:191)
	at org.openqa.selenium.remote.codec.w3c.W3CHttpResponseCodec.decode(W3CHttpResponseCodec.java:125)
	at org.openqa.selenium.remote.codec.w3c.W3CHttpResponseCodec.decode(W3CHttpResponseCodec.java:52)
	at org.openqa.selenium.remote.HttpCommandExecutor.execute(HttpCommandExecutor.java:161)
	at org.openqa.selenium.remote.service.DriverCommandExecutor.execute(DriverCommandExecutor.java:83)
	at org.openqa.selenium.remote.RemoteWebDriver.execute(RemoteWebDriver.java:576)
	at org.openqa.selenium.remote.RemoteWebDriver.findElement(RemoteWebDriver.java:327)
	at org.openqa.selenium.remote.RemoteWebDriver.findElementByXPath(RemoteWebDriver.java:445)
	at org.openqa.selenium.By$ByXPath.findElement(By.java:396)
	at org.openqa.selenium.remote.RemoteWebDriver.findElement(RemoteWebDriver.java:319)
	at org.openqa.selenium.support.ui.ExpectedConditions$7.apply(ExpectedConditions.java:205)
	at org.openqa.selenium.support.ui.ExpectedConditions$7.apply(ExpectedConditions.java:201)
	at org.openqa.selenium.support.ui.FluentWait.until(FluentWait.java:211)
	... 34 more
... Removed 34 stack frames
</div> <!-- stack-trace -->
                  <em>
(Validate Customer Interaction Page)                  </em>
                </div> <!-- method-content -->
              </div> <!-- method -->
              <div class="method">
                <div class="method-content">
                  <a name="openCustomerInteractionAPI(Utils.DataProviders.TestDatabean@10131289)">
                  </a> <!-- openCustomerInteractionAPI(Utils.DataProviders.TestDatabean@10131289) -->
                  <span class="method-name">openCustomerInteractionAPI</span>
                  <span class="parameters">(Utils.DataProviders.TestDatabean@10131289)</span>
                  <div class="stack-trace">org.openqa.selenium.TimeoutException: Expected condition failed: waiting for visibility of element located by By.xpath: //mat-toolbar//button (tried for 60 second(s) with 500 milliseconds interval)
	at org.openqa.selenium.support.ui.WebDriverWait.timeoutException(WebDriverWait.java:138)
	at org.openqa.selenium.support.ui.FluentWait.until(FluentWait.java:234)
	at pages.SideMenuPOM.clickOnSideMenu(SideMenuPOM.java:40)
	at tests.customerInteractionTest.openCustomerInteractionAPI(customerInteractionTest.java:653)
	at java.util.ArrayList.forEach(ArrayList.java:1257)
Caused by: org.openqa.selenium.NoSuchElementException: no such element: Unable to locate element: {&quot;method&quot;:&quot;xpath&quot;,&quot;selector&quot;:&quot;//mat-toolbar//button&quot;}
  (Session info: headless chrome=89.0.4389.82)
For documentation on this error, please visit: https://www.seleniumhq.org/exceptions/no_such_element.html
Build info: version: &apos;4.0.0-alpha-3&apos;, revision: &apos;8c567de6dc&apos;
System info: host: &apos;LT2394650&apos;, ip: &apos;172.23.64.219&apos;, os.name: &apos;Windows 10&apos;, os.arch: &apos;amd64&apos;, os.version: &apos;10.0&apos;, java.version: &apos;1.8.0_231&apos;
Driver info: org.openqa.selenium.chrome.ChromeDriver
Capabilities {acceptInsecureCerts: true, browserName: chrome, browserVersion: 89.0.4389.82, chrome: {chromedriverVersion: 89.0.4389.23 (61b08ee2c5002..., userDataDir: C:\Users\2394650\AppData\Lo...}, goog:chromeOptions: {debuggerAddress: localhost:62859}, javascriptEnabled: true, networkConnectionEnabled: false, pageLoadStrategy: normal, platform: WINDOWS, platformName: WINDOWS, proxy: Proxy(), setWindowRect: true, strictFileInteractability: false, timeouts: {implicit: 0, pageLoad: 300000, script: 30000}, unhandledPromptBehavior: dismiss and notify, webauthn:extension:largeBlob: true, webauthn:virtualAuthenticators: true}
Session ID: 1257bd7cdd1631bf0c521e12d0a8ea03
*** Element info: {Using=xpath, value=//mat-toolbar//button}
	at org.openqa.selenium.remote.codec.w3c.W3CHttpResponseCodec.createException(W3CHttpResponseCodec.java:191)
	at org.openqa.selenium.remote.codec.w3c.W3CHttpResponseCodec.decode(W3CHttpResponseCodec.java:125)
	at org.openqa.selenium.remote.codec.w3c.W3CHttpResponseCodec.decode(W3CHttpResponseCodec.java:52)
	at org.openqa.selenium.remote.HttpCommandExecutor.execute(HttpCommandExecutor.java:161)
	at org.openqa.selenium.remote.service.DriverCommandExecutor.execute(DriverCommandExecutor.java:83)
	at org.openqa.selenium.remote.RemoteWebDriver.execute(RemoteWebDriver.java:576)
	at org.openqa.selenium.remote.RemoteWebDriver.findElement(RemoteWebDriver.java:327)
	at org.openqa.selenium.remote.RemoteWebDriver.findElementByXPath(RemoteWebDriver.java:445)
	at org.openqa.selenium.By$ByXPath.findElement(By.java:396)
	at org.openqa.selenium.remote.RemoteWebDriver.findElement(RemoteWebDriver.java:319)
	at org.openqa.selenium.support.ui.ExpectedConditions$7.apply(ExpectedConditions.java:205)
	at org.openqa.selenium.support.ui.ExpectedConditions$7.apply(ExpectedConditions.java:201)
	at org.openqa.selenium.support.ui.FluentWait.until(FluentWait.java:211)
	... 34 more
... Removed 34 stack frames
</div> <!-- stack-trace -->
                  <em>
(Validate Customer Interaction Page)                  </em>
                </div> <!-- method-content -->
              </div> <!-- method -->
              <div class="method">
                <div class="method-content">
                  <a name="openCustomerInteractionBySIM(Utils.DataProviders.TestDatabean@59b492ec)">
                  </a> <!-- openCustomerInteractionBySIM(Utils.DataProviders.TestDatabean@59b492ec) -->
                  <span class="method-name">openCustomerInteractionBySIM</span>
                  <span class="parameters">(Utils.DataProviders.TestDatabean@59b492ec)</span>
                  <div class="stack-trace">org.openqa.selenium.TimeoutException: Expected condition failed: waiting for visibility of element located by By.xpath: //mat-toolbar//button (tried for 60 second(s) with 500 milliseconds interval)
	at org.openqa.selenium.support.ui.WebDriverWait.timeoutException(WebDriverWait.java:138)
	at org.openqa.selenium.support.ui.FluentWait.until(FluentWait.java:234)
	at pages.SideMenuPOM.clickOnSideMenu(SideMenuPOM.java:40)
	at tests.customerInteractionTest.openCustomerInteractionBySIM(customerInteractionTest.java:337)
	at java.util.ArrayList.forEach(ArrayList.java:1257)
Caused by: org.openqa.selenium.NoSuchElementException: no such element: Unable to locate element: {&quot;method&quot;:&quot;xpath&quot;,&quot;selector&quot;:&quot;//mat-toolbar//button&quot;}
  (Session info: headless chrome=89.0.4389.82)
For documentation on this error, please visit: https://www.seleniumhq.org/exceptions/no_such_element.html
Build info: version: &apos;4.0.0-alpha-3&apos;, revision: &apos;8c567de6dc&apos;
System info: host: &apos;LT2394650&apos;, ip: &apos;172.23.64.219&apos;, os.name: &apos;Windows 10&apos;, os.arch: &apos;amd64&apos;, os.version: &apos;10.0&apos;, java.version: &apos;1.8.0_231&apos;
Driver info: org.openqa.selenium.chrome.ChromeDriver
Capabilities {acceptInsecureCerts: true, browserName: chrome, browserVersion: 89.0.4389.82, chrome: {chromedriverVersion: 89.0.4389.23 (61b08ee2c5002..., userDataDir: C:\Users\2394650\AppData\Lo...}, goog:chromeOptions: {debuggerAddress: localhost:62859}, javascriptEnabled: true, networkConnectionEnabled: false, pageLoadStrategy: normal, platform: WINDOWS, platformName: WINDOWS, proxy: Proxy(), setWindowRect: true, strictFileInteractability: false, timeouts: {implicit: 0, pageLoad: 300000, script: 30000}, unhandledPromptBehavior: dismiss and notify, webauthn:extension:largeBlob: true, webauthn:virtualAuthenticators: true}
Session ID: 1257bd7cdd1631bf0c521e12d0a8ea03
*** Element info: {Using=xpath, value=//mat-toolbar//button}
	at org.openqa.selenium.remote.codec.w3c.W3CHttpResponseCodec.createException(W3CHttpResponseCodec.java:191)
	at org.openqa.selenium.remote.codec.w3c.W3CHttpResponseCodec.decode(W3CHttpResponseCodec.java:125)
	at org.openqa.selenium.remote.codec.w3c.W3CHttpResponseCodec.decode(W3CHttpResponseCodec.java:52)
	at org.openqa.selenium.remote.HttpCommandExecutor.execute(HttpCommandExecutor.java:161)
	at org.openqa.selenium.remote.service.DriverCommandExecutor.execute(DriverCommandExecutor.java:83)
	at org.openqa.selenium.remote.RemoteWebDriver.execute(RemoteWebDriver.java:576)
	at org.openqa.selenium.remote.RemoteWebDriver.findElement(RemoteWebDriver.java:327)
	at org.openqa.selenium.remote.RemoteWebDriver.findElementByXPath(RemoteWebDriver.java:445)
	at org.openqa.selenium.By$ByXPath.findElement(By.java:396)
	at org.openqa.selenium.remote.RemoteWebDriver.findElement(RemoteWebDriver.java:319)
	at org.openqa.selenium.support.ui.ExpectedConditions$7.apply(ExpectedConditions.java:205)
	at org.openqa.selenium.support.ui.ExpectedConditions$7.apply(ExpectedConditions.java:201)
	at org.openqa.selenium.support.ui.FluentWait.until(FluentWait.java:211)
	... 34 more
... Removed 34 stack frames
</div> <!-- stack-trace -->
                  <em>
(Validate Customer Interaction Page)                  </em>
                </div> <!-- method-content -->
              </div> <!-- method -->
              <div class="method">
                <div class="method-content">
                  <a name="yourCurrentBalanceWidgetTest">
                  </a> <!-- yourCurrentBalanceWidgetTest -->
                  <span class="method-name">yourCurrentBalanceWidgetTest</span>
                  <div class="stack-trace">org.openqa.selenium.TimeoutException: Expected condition failed: waiting for presence of element located by: By.xpath: //div[@class=&quot;card__content--top--left ng-star-inserted&quot;] (tried for 60 second(s) with 500 milliseconds interval)
	at org.openqa.selenium.support.ui.WebDriverWait.timeoutException(WebDriverWait.java:138)
	at org.openqa.selenium.support.ui.FluentWait.until(FluentWait.java:234)
	at pages.BasePage.waitVisibility(BasePage.java:126)
	at pages.BasePage.readText(BasePage.java:99)
	at pages.CurrentBalanceWidgetPOM.gettingMainAccountBalance(CurrentBalanceWidgetPOM.java:94)
	at tests.customerInteractionTest.yourCurrentBalanceWidgetTest(customerInteractionTest.java:734)
	at java.util.ArrayList.forEach(ArrayList.java:1257)
Caused by: org.openqa.selenium.NoSuchElementException: no such element: Unable to locate element: {&quot;method&quot;:&quot;xpath&quot;,&quot;selector&quot;:&quot;//div[@class=&quot;card__content--top--left ng-star-inserted&quot;]&quot;}
  (Session info: headless chrome=89.0.4389.82)
For documentation on this error, please visit: https://www.seleniumhq.org/exceptions/no_such_element.html
Build info: version: &apos;4.0.0-alpha-3&apos;, revision: &apos;8c567de6dc&apos;
System info: host: &apos;LT2394650&apos;, ip: &apos;172.23.64.219&apos;, os.name: &apos;Windows 10&apos;, os.arch: &apos;amd64&apos;, os.version: &apos;10.0&apos;, java.version: &apos;1.8.0_231&apos;
Driver info: org.openqa.selenium.chrome.ChromeDriver
Capabilities {acceptInsecureCerts: true, browserName: chrome, browserVersion: 89.0.4389.82, chrome: {chromedriverVersion: 89.0.4389.23 (61b08ee2c5002..., userDataDir: C:\Users\2394650\AppData\Lo...}, goog:chromeOptions: {debuggerAddress: localhost:62859}, javascriptEnabled: true, networkConnectionEnabled: false, pageLoadStrategy: normal, platform: WINDOWS, platformName: WINDOWS, proxy: Proxy(), setWindowRect: true, strictFileInteractability: false, timeouts: {implicit: 0, pageLoad: 300000, script: 30000}, unhandledPromptBehavior: dismiss and notify, webauthn:extension:largeBlob: true, webauthn:virtualAuthenticators: true}
Session ID: 1257bd7cdd1631bf0c521e12d0a8ea03
*** Element info: {Using=xpath, value=//div[@class=&quot;card__content--top--left ng-star-inserted&quot;]}
	at org.openqa.selenium.remote.codec.w3c.W3CHttpResponseCodec.createException(W3CHttpResponseCodec.java:191)
	at org.openqa.selenium.remote.codec.w3c.W3CHttpResponseCodec.decode(W3CHttpResponseCodec.java:125)
	at org.openqa.selenium.remote.codec.w3c.W3CHttpResponseCodec.decode(W3CHttpResponseCodec.java:52)
	at org.openqa.selenium.remote.HttpCommandExecutor.execute(HttpCommandExecutor.java:161)
	at org.openqa.selenium.remote.service.DriverCommandExecutor.execute(DriverCommandExecutor.java:83)
	at org.openqa.selenium.remote.RemoteWebDriver.execute(RemoteWebDriver.java:576)
	at org.openqa.selenium.remote.RemoteWebDriver.findElement(RemoteWebDriver.java:327)
	at org.openqa.selenium.remote.RemoteWebDriver.findElementByXPath(RemoteWebDriver.java:445)
	at org.openqa.selenium.By$ByXPath.findElement(By.java:396)
	at org.openqa.selenium.remote.RemoteWebDriver.findElement(RemoteWebDriver.java:319)
	at org.openqa.selenium.support.ui.ExpectedConditions$6.apply(ExpectedConditions.java:182)
	at org.openqa.selenium.support.ui.ExpectedConditions$6.apply(ExpectedConditions.java:179)
	at org.openqa.selenium.support.ui.FluentWait.until(FluentWait.java:211)
	... 36 more
... Removed 34 stack frames
</div> <!-- stack-trace -->
                  <em>
(Validating Current Balance Widget)                  </em>
                </div> <!-- method-content -->
              </div> <!-- method -->
            </div> <!-- main-panel-content rounded-window-bottom -->
          </div> <!-- suite-Automation_Framework_CS_PORTAl_Test_Suite-class-failed -->
          <div class="suite-Automation_Framework_CS_PORTAl_Test_Suite-class-failed">
            <div class="main-panel-header rounded-window-top">
              <img src="failed.png"/>
              <span class="class-name">tests.widgetsOptionsTest</span>
            </div> <!-- main-panel-header rounded-window-top -->
            <div class="main-panel-content rounded-window-bottom">
              <div class="method">
                <div class="method-content">
                  <a name="openCustomerInteractionAPI(Utils.DataProviders.TestDatabean@7b44bfb8)">
                  </a> <!-- openCustomerInteractionAPI(Utils.DataProviders.TestDatabean@7b44bfb8) -->
                  <span class="method-name">openCustomerInteractionAPI</span>
                  <span class="parameters">(Utils.DataProviders.TestDatabean@7b44bfb8)</span>
                  <div class="stack-trace">org.openqa.selenium.TimeoutException: Expected condition failed: waiting for visibility of element located by By.xpath: //mat-toolbar//button (tried for 60 second(s) with 500 milliseconds interval)
	at org.openqa.selenium.support.ui.WebDriverWait.timeoutException(WebDriverWait.java:138)
	at org.openqa.selenium.support.ui.FluentWait.until(FluentWait.java:234)
	at pages.SideMenuPOM.clickOnSideMenu(SideMenuPOM.java:40)
	at tests.widgetsOptionsTest.openCustomerInteractionAPI(widgetsOptionsTest.java:33)
	at java.util.ArrayList.forEach(ArrayList.java:1257)
Caused by: org.openqa.selenium.NoSuchElementException: no such element: Unable to locate element: {&quot;method&quot;:&quot;xpath&quot;,&quot;selector&quot;:&quot;//mat-toolbar//button&quot;}
  (Session info: headless chrome=89.0.4389.82)
For documentation on this error, please visit: https://www.seleniumhq.org/exceptions/no_such_element.html
Build info: version: &apos;4.0.0-alpha-3&apos;, revision: &apos;8c567de6dc&apos;
System info: host: &apos;LT2394650&apos;, ip: &apos;172.23.64.219&apos;, os.name: &apos;Windows 10&apos;, os.arch: &apos;amd64&apos;, os.version: &apos;10.0&apos;, java.version: &apos;1.8.0_231&apos;
Driver info: org.openqa.selenium.chrome.ChromeDriver
Capabilities {acceptInsecureCerts: true, browserName: chrome, browserVersion: 89.0.4389.82, chrome: {chromedriverVersion: 89.0.4389.23 (61b08ee2c5002..., userDataDir: C:\Users\2394650\AppData\Lo...}, goog:chromeOptions: {debuggerAddress: localhost:62859}, javascriptEnabled: true, networkConnectionEnabled: false, pageLoadStrategy: normal, platform: WINDOWS, platformName: WINDOWS, proxy: Proxy(), setWindowRect: true, strictFileInteractability: false, timeouts: {implicit: 0, pageLoad: 300000, script: 30000}, unhandledPromptBehavior: dismiss and notify, webauthn:extension:largeBlob: true, webauthn:virtualAuthenticators: true}
Session ID: 1257bd7cdd1631bf0c521e12d0a8ea03
*** Element info: {Using=xpath, value=//mat-toolbar//button}
	at org.openqa.selenium.remote.codec.w3c.W3CHttpResponseCodec.createException(W3CHttpResponseCodec.java:191)
	at org.openqa.selenium.remote.codec.w3c.W3CHttpResponseCodec.decode(W3CHttpResponseCodec.java:125)
	at org.openqa.selenium.remote.codec.w3c.W3CHttpResponseCodec.decode(W3CHttpResponseCodec.java:52)
	at org.openqa.selenium.remote.HttpCommandExecutor.execute(HttpCommandExecutor.java:161)
	at org.openqa.selenium.remote.service.DriverCommandExecutor.execute(DriverCommandExecutor.java:83)
	at org.openqa.selenium.remote.RemoteWebDriver.execute(RemoteWebDriver.java:576)
	at org.openqa.selenium.remote.RemoteWebDriver.findElement(RemoteWebDriver.java:327)
	at org.openqa.selenium.remote.RemoteWebDriver.findElementByXPath(RemoteWebDriver.java:445)
	at org.openqa.selenium.By$ByXPath.findElement(By.java:396)
	at org.openqa.selenium.remote.RemoteWebDriver.findElement(RemoteWebDriver.java:319)
	at org.openqa.selenium.support.ui.ExpectedConditions$7.apply(ExpectedConditions.java:205)
	at org.openqa.selenium.support.ui.ExpectedConditions$7.apply(ExpectedConditions.java:201)
	at org.openqa.selenium.support.ui.FluentWait.until(FluentWait.java:211)
	... 34 more
... Removed 34 stack frames
</div> <!-- stack-trace -->
                  <em>
(Validate Customer Interaction Page)                  </em>
                </div> <!-- method-content -->
              </div> <!-- method -->
            </div> <!-- main-panel-content rounded-window-bottom -->
          </div> <!-- suite-Automation_Framework_CS_PORTAl_Test_Suite-class-failed -->
          <div class="suite-Automation_Framework_CS_PORTAl_Test_Suite-class-skipped">
            <div class="main-panel-header rounded-window-top">
              <img src="skipped.png"/>
              <span class="class-name">tests.customerInteractionTest</span>
            </div> <!-- main-panel-header rounded-window-top -->
            <div class="main-panel-content rounded-window-bottom">
              <div class="method">
                <div class="method-content">
                  <a name="airtelMoneyTransactionWidgetTest">
                  </a> <!-- airtelMoneyTransactionWidgetTest -->
                  <span class="method-name">airtelMoneyTransactionWidgetTest</span>
                  <div class="stack-trace">java.lang.Throwable: Method customerInteractionTest.airtelMoneyTransactionWidgetTest(Utils.DataProviders.HeaderDataBean)[pri:7, instance:tests.customerInteractionTest@4c2bb6e0] depends on not successfully finished methods
	at java.util.ArrayList.forEach(ArrayList.java:1257)
... Removed 22 stack frames
</div> <!-- stack-trace -->
                  <em>
(Validating AM Transaction Widget)                  </em>
                </div> <!-- method-content -->
              </div> <!-- method -->
              <div class="method">
                <div class="method-content">
                  <a name="invalidMSISDNTest">
                  </a> <!-- invalidMSISDNTest -->
                  <span class="method-name">invalidMSISDNTest</span>
                  <div class="stack-trace">java.lang.Throwable: Method customerInteractionTest.invalidMSISDNTest()[pri:5, instance:tests.customerInteractionTest@4c2bb6e0] depends on not successfully finished methods
	at java.util.ArrayList.forEach(ArrayList.java:1257)
... Removed 22 stack frames
</div> <!-- stack-trace -->
                  <em>
(As an agent I want capability to check if an MSISDN is valid or invalid)                  </em>
                </div> <!-- method-content -->
              </div> <!-- method -->
              <div class="method">
                <div class="method-content">
                  <a name="rechargeHistoryWidgetTest">
                  </a> <!-- rechargeHistoryWidgetTest -->
                  <span class="method-name">rechargeHistoryWidgetTest</span>
                  <div class="stack-trace">java.lang.Throwable: Method customerInteractionTest.rechargeHistoryWidgetTest(Utils.DataProviders.HeaderDataBean)[pri:10, instance:tests.customerInteractionTest@4c2bb6e0] depends on not successfully finished methods
	at java.util.ArrayList.forEach(ArrayList.java:1257)
... Removed 22 stack frames
</div> <!-- stack-trace -->
                  <em>
(Validating Recharge History Widget)                  </em>
                </div> <!-- method-content -->
              </div> <!-- method -->
              <div class="method">
                <div class="method-content">
                  <a name="usageHistoryWidgetTest">
                  </a> <!-- usageHistoryWidgetTest -->
                  <span class="method-name">usageHistoryWidgetTest</span>
                  <div class="stack-trace">java.lang.Throwable: Method customerInteractionTest.usageHistoryWidgetTest(Utils.DataProviders.HeaderDataBean)[pri:9, instance:tests.customerInteractionTest@4c2bb6e0] depends on not successfully finished methods
	at java.util.ArrayList.forEach(ArrayList.java:1257)
... Removed 22 stack frames
</div> <!-- stack-trace -->
                  <em>
(Validating Usage History Widget)                  </em>
                </div> <!-- method-content -->
              </div> <!-- method -->
              <div class="method">
                <div class="method-content">
                  <a name="validateDemographicInformation">
                  </a> <!-- validateDemographicInformation -->
                  <span class="method-name">validateDemographicInformation</span>
                  <div class="stack-trace">java.lang.Throwable: Method customerInteractionTest.validateDemographicInformation(Utils.DataProviders.TestDatabean)[pri:2, instance:tests.customerInteractionTest@4c2bb6e0] depends on not successfully finished methods
	at java.util.ArrayList.forEach(ArrayList.java:1257)
... Removed 22 stack frames
</div> <!-- stack-trace -->
                  <em>
(Validating Demographic Info)                  </em>
                </div> <!-- method-content -->
              </div> <!-- method -->
              <div class="method">
                <div class="method-content">
                  <a name="validateDemographicInformationBySIMNumber">
                  </a> <!-- validateDemographicInformationBySIMNumber -->
                  <span class="method-name">validateDemographicInformationBySIMNumber</span>
                  <div class="stack-trace">java.lang.Throwable: Method customerInteractionTest.validateDemographicInformationBySIMNumber(Utils.DataProviders.TestDatabean)[pri:4, instance:tests.customerInteractionTest@4c2bb6e0] depends on not successfully finished methods
	at java.util.ArrayList.forEach(ArrayList.java:1257)
... Removed 22 stack frames
</div> <!-- stack-trace -->
                  <em>
(Validating Demographic Info)                  </em>
                </div> <!-- method-content -->
              </div> <!-- method -->
            </div> <!-- main-panel-content rounded-window-bottom -->
          </div> <!-- suite-Automation_Framework_CS_PORTAl_Test_Suite-class-skipped -->
          <div class="suite-Automation_Framework_CS_PORTAl_Test_Suite-class-skipped">
            <div class="main-panel-header rounded-window-top">
              <img src="skipped.png"/>
              <span class="class-name">tests.widgetsOptionsTest</span>
            </div> <!-- main-panel-header rounded-window-top -->
            <div class="main-panel-content rounded-window-bottom">
              <div class="method">
                <div class="method-content">
                  <a name="accumulatorDetailsTest">
                  </a> <!-- accumulatorDetailsTest -->
                  <span class="method-name">accumulatorDetailsTest</span>
                  <div class="stack-trace">java.lang.Throwable: Method widgetsOptionsTest.accumulatorDetailsTest(Utils.DataProviders.HeaderDataBean)[pri:2, instance:tests.widgetsOptionsTest@3e62d773] depends on not successfully finished methods
	at java.util.ArrayList.forEach(ArrayList.java:1257)
... Removed 22 stack frames
</div> <!-- stack-trace -->
                  <em>
(Validating Accumulator Details)                  </em>
                </div> <!-- method-content -->
              </div> <!-- method -->
              <div class="method">
                <div class="method-content">
                  <a name="daDetailsTest">
                  </a> <!-- daDetailsTest -->
                  <span class="method-name">daDetailsTest</span>
                  <div class="stack-trace">java.lang.Throwable: Method widgetsOptionsTest.daDetailsTest(Utils.DataProviders.HeaderDataBean)[pri:1, instance:tests.widgetsOptionsTest@3e62d773] depends on not successfully finished methods
	at java.util.ArrayList.forEach(ArrayList.java:1257)
... Removed 22 stack frames
</div> <!-- stack-trace -->
                  <em>
(Validating DA Details)                  </em>
                </div> <!-- method-content -->
              </div> <!-- method -->
              <div class="method">
                <div class="method-content">
                  <a name="rechargeHistoryMenuTest">
                  </a> <!-- rechargeHistoryMenuTest -->
                  <span class="method-name">rechargeHistoryMenuTest</span>
                  <div class="stack-trace">java.lang.Throwable: Method widgetsOptionsTest.rechargeHistoryMenuTest(Utils.DataProviders.HeaderDataBean)[pri:5, instance:tests.widgetsOptionsTest@3e62d773] depends on not successfully finished methods
	at java.util.ArrayList.forEach(ArrayList.java:1257)
... Removed 22 stack frames
</div> <!-- stack-trace -->
                  <em>
(Validating Recharge History's  Menu)                  </em>
                </div> <!-- method-content -->
              </div> <!-- method -->
              <div class="method">
                <div class="method-content">
                  <a name="usageHistoryMenuTest">
                  </a> <!-- usageHistoryMenuTest -->
                  <span class="method-name">usageHistoryMenuTest</span>
                  <div class="stack-trace">java.lang.Throwable: Method widgetsOptionsTest.usageHistoryMenuTest(Utils.DataProviders.HeaderDataBean)[pri:6, instance:tests.widgetsOptionsTest@3e62d773] depends on not successfully finished methods
	at java.util.ArrayList.forEach(ArrayList.java:1257)
... Removed 22 stack frames
</div> <!-- stack-trace -->
                  <em>
(Validating Usage History's  Menu)                  </em>
                </div> <!-- method-content -->
              </div> <!-- method -->
            </div> <!-- main-panel-content rounded-window-bottom -->
          </div> <!-- suite-Automation_Framework_CS_PORTAl_Test_Suite-class-skipped -->
          <div class="suite-Automation_Framework_CS_PORTAl_Test_Suite-class-passed">
            <div class="main-panel-header rounded-window-top">
              <img src="passed.png"/>
              <span class="class-name">API.APIEndPoints</span>
            </div> <!-- main-panel-header rounded-window-top -->
            <div class="main-panel-content rounded-window-bottom">
              <div class="method">
                <div class="method-content">
                  <a name="loginAPI(Utils.DataProviders.TestDatabean@184823ed)">
                  </a> <!-- loginAPI(Utils.DataProviders.TestDatabean@184823ed) -->
                  <span class="method-name">loginAPI</span>
                  <span class="parameters">(Utils.DataProviders.TestDatabean@184823ed)</span>
                </div> <!-- method-content -->
              </div> <!-- method -->
            </div> <!-- main-panel-content rounded-window-bottom -->
          </div> <!-- suite-Automation_Framework_CS_PORTAl_Test_Suite-class-passed -->
        </div> <!-- panel Automation_Framework_CS_PORTAl_Test_Suite -->
        <div panel-name="test-xml-Automation_Framework_CS_PORTAl_Test_Suite" class="panel">
          <div class="main-panel-header rounded-window-top">
            <span class="header-content">C:\Users\2394650\IdeaProjects\cs-portal-automation_selenium1\Prod.xml</span>
          </div> <!-- main-panel-header rounded-window-top -->
          <div class="main-panel-content rounded-window-bottom">
            <pre>
&lt;?xml version=&quot;1.0&quot; encoding=&quot;UTF-8&quot;?&gt;
&lt;!DOCTYPE suite SYSTEM &quot;https://testng.org/testng-1.0.dtd&quot;&gt;
&lt;suite guice-stage=&quot;DEVELOPMENT&quot; verbose=&quot;0&quot; name=&quot;Automation Framework CS PORTAl Test Suite&quot; allow-return-values=&quot;true&quot;&gt;
  &lt;listeners&gt;
    &lt;listener class-name=&quot;Utils.Listeners.TestListener&quot;/&gt;
  &lt;/listeners&gt;
  &lt;test thread-count=&quot;5&quot; verbose=&quot;0&quot; name=&quot;PROD Sanity API Test&quot;&gt;
    &lt;classes&gt;
      &lt;class name=&quot;API.APIEndPoints&quot;&gt;
        &lt;methods&gt;
          &lt;include name=&quot;loginAPI&quot;/&gt;
        &lt;/methods&gt;
      &lt;/class&gt; &lt;!-- API.APIEndPoints --&gt;
    &lt;/classes&gt;
  &lt;/test&gt; &lt;!-- PROD Sanity API Test --&gt;
  &lt;test thread-count=&quot;5&quot; verbose=&quot;0&quot; name=&quot;Login Admin 1 Test&quot;&gt;
    &lt;classes&gt;
      &lt;class name=&quot;tests.LoginTests&quot;/&gt;
    &lt;/classes&gt;
  &lt;/test&gt; &lt;!-- Login Admin 1 Test --&gt;
  &lt;test thread-count=&quot;5&quot; verbose=&quot;0&quot; name=&quot;Side Menu&quot;&gt;
    &lt;classes&gt;
      &lt;class name=&quot;tests.sideMenuTests&quot;/&gt;
    &lt;/classes&gt;
  &lt;/test&gt; &lt;!-- Side Menu --&gt;
  &lt;test thread-count=&quot;5&quot; verbose=&quot;0&quot; name=&quot;Customer Interactions TEST&quot;&gt;
    &lt;classes&gt;
      &lt;class name=&quot;tests.customerInteractionTest&quot;/&gt;
      &lt;class name=&quot;tests.widgetsOptionsTest&quot;/&gt;
    &lt;/classes&gt;
  &lt;/test&gt; &lt;!-- Customer Interactions TEST --&gt;
&lt;/suite&gt; &lt;!-- Automation Framework CS PORTAl Test Suite --&gt;
            </pre>
          </div> <!-- main-panel-content rounded-window-bottom -->
        </div> <!-- panel -->
        <div panel-name="testlist-Automation_Framework_CS_PORTAl_Test_Suite" class="panel">
          <div class="main-panel-header rounded-window-top">
            <span class="header-content">Tests for Automation Framework CS PORTAl Test Suite</span>
          </div> <!-- main-panel-header rounded-window-top -->
          <div class="main-panel-content rounded-window-bottom">
            <ul>
              <li>
                <span class="test-name">PROD Sanity API Test (1 class)</span>
              </li>
              <li>
                <span class="test-name">Login Admin 1 Test (1 class)</span>
              </li>
              <li>
                <span class="test-name">Side Menu (1 class)</span>
              </li>
              <li>
                <span class="test-name">Customer Interactions TEST (2 classes)</span>
              </li>
            </ul>
          </div> <!-- main-panel-content rounded-window-bottom -->
        </div> <!-- panel -->
        <div panel-name="group-Automation_Framework_CS_PORTAl_Test_Suite" class="panel">
          <div class="main-panel-header rounded-window-top">
            <span class="header-content">Groups for Automation Framework CS PORTAl Test Suite</span>
          </div> <!-- main-panel-header rounded-window-top -->
          <div class="main-panel-content rounded-window-bottom">
          </div> <!-- main-panel-content rounded-window-bottom -->
        </div> <!-- panel -->
        <div panel-name="times-Automation_Framework_CS_PORTAl_Test_Suite" class="panel">
          <div class="main-panel-header rounded-window-top">
            <span class="header-content">Times for Automation Framework CS PORTAl Test Suite</span>
          </div> <!-- main-panel-header rounded-window-top -->
          <div class="main-panel-content rounded-window-bottom">
            <div class="times-div">
              <script type="text/javascript">
suiteTableInitFunctions.push('tableData_Automation_Framework_CS_PORTAl_Test_Suite');
function tableData_Automation_Framework_CS_PORTAl_Test_Suite() {
var data = new google.visualization.DataTable();
data.addColumn('number', 'Number');
data.addColumn('string', 'Method');
data.addColumn('string', 'Class');
data.addColumn('number', 'Time (ms)');
data.addRows(18);
data.setCell(0, 0, 0)
data.setCell(0, 1, 'LoggingIN')
data.setCell(0, 2, 'tests.LoginTests')
data.setCell(0, 3, 85278);
data.setCell(1, 0, 1)
data.setCell(1, 1, 'yourCurrentBalanceWidgetTest')
data.setCell(1, 2, 'tests.customerInteractionTest')
data.setCell(1, 3, 67139);
data.setCell(2, 0, 2)
data.setCell(2, 1, 'openCustomerInteractionAPI')
data.setCell(2, 2, 'tests.customerInteractionTest')
data.setCell(2, 3, 60493);
data.setCell(3, 0, 3)
data.setCell(3, 1, 'openCustomerInteraction')
data.setCell(3, 2, 'tests.customerInteractionTest')
data.setCell(3, 3, 60490);
data.setCell(4, 0, 4)
data.setCell(4, 1, 'openCustomerInteractionAPI')
data.setCell(4, 2, 'tests.widgetsOptionsTest')
data.setCell(4, 3, 60467);
data.setCell(5, 0, 5)
data.setCell(5, 1, 'sideMenuAssert')
data.setCell(5, 2, 'tests.sideMenuTests')
data.setCell(5, 3, 60455);
data.setCell(6, 0, 6)
data.setCell(6, 1, 'openCustomerInteractionBySIM')
data.setCell(6, 2, 'tests.customerInteractionTest')
data.setCell(6, 3, 60446);
data.setCell(7, 0, 7)
data.setCell(7, 1, 'loginAPI')
data.setCell(7, 2, 'API.APIEndPoints')
data.setCell(7, 3, 5307);
data.setCell(8, 0, 8)
data.setCell(8, 1, 'invalidMSISDNTest')
data.setCell(8, 2, 'tests.customerInteractionTest')
data.setCell(8, 3, 0);
data.setCell(9, 0, 9)
data.setCell(9, 1, 'airtelMoneyTransactionWidgetTest')
data.setCell(9, 2, 'tests.customerInteractionTest')
data.setCell(9, 3, 0);
data.setCell(10, 0, 10)
data.setCell(10, 1, 'rechargeHistoryMenuTest')
data.setCell(10, 2, 'tests.widgetsOptionsTest')
data.setCell(10, 3, 0);
data.setCell(11, 0, 11)
data.setCell(11, 1, 'validateDemographicInformation')
data.setCell(11, 2, 'tests.customerInteractionTest')
data.setCell(11, 3, 0);
data.setCell(12, 0, 12)
data.setCell(12, 1, 'validateDemographicInformationBySIMNumber')
data.setCell(12, 2, 'tests.customerInteractionTest')
data.setCell(12, 3, 0);
data.setCell(13, 0, 13)
data.setCell(13, 1, 'usageHistoryWidgetTest')
data.setCell(13, 2, 'tests.customerInteractionTest')
data.setCell(13, 3, 0);
data.setCell(14, 0, 14)
data.setCell(14, 1, 'rechargeHistoryWidgetTest')
data.setCell(14, 2, 'tests.customerInteractionTest')
data.setCell(14, 3, 0);
data.setCell(15, 0, 15)
data.setCell(15, 1, 'usageHistoryMenuTest')
data.setCell(15, 2, 'tests.widgetsOptionsTest')
data.setCell(15, 3, 0);
data.setCell(16, 0, 16)
data.setCell(16, 1, 'accumulatorDetailsTest')
data.setCell(16, 2, 'tests.widgetsOptionsTest')
data.setCell(16, 3, 0);
data.setCell(17, 0, 17)
data.setCell(17, 1, 'daDetailsTest')
data.setCell(17, 2, 'tests.widgetsOptionsTest')
data.setCell(17, 3, 0);
window.suiteTableData['Automation_Framework_CS_PORTAl_Test_Suite']= { tableData: data, tableDiv: 'times-div-Automation_Framework_CS_PORTAl_Test_Suite'}
return data;
}
              </script>
              <span class="suite-total-time">Total running time: 7 minutes</span>
              <div id="times-div-Automation_Framework_CS_PORTAl_Test_Suite">
              </div> <!-- times-div-Automation_Framework_CS_PORTAl_Test_Suite -->
            </div> <!-- times-div -->
          </div> <!-- main-panel-content rounded-window-bottom -->
        </div> <!-- panel -->
        <div panel-name="reporter-Automation_Framework_CS_PORTAl_Test_Suite" class="panel">
          <div class="main-panel-header rounded-window-top">
            <span class="header-content">Reporter output for Automation Framework CS PORTAl Test Suite</span>
          </div> <!-- main-panel-header rounded-window-top -->
          <div class="main-panel-content rounded-window-bottom">
          </div> <!-- main-panel-content rounded-window-bottom -->
        </div> <!-- panel -->
        <div panel-name="ignored-methods-Automation_Framework_CS_PORTAl_Test_Suite" class="panel">
          <div class="main-panel-header rounded-window-top">
            <span class="header-content">4 ignored methods</span>
          </div> <!-- main-panel-header rounded-window-top -->
          <div class="main-panel-content rounded-window-bottom">
            <div class="ignored-class-div">
              <span class="ignored-class-name">tests.customerInteractionTest</span>
              <div class="ignored-methods-div">
                <span class="ignored-method-name">validateServiceProfileWidget</span>
                <br/>
              </div> <!-- ignored-methods-div -->
            </div> <!-- ignored-class-div -->
            <div class="ignored-class-div">
              <span class="ignored-class-name">tests.widgetsOptionsTest</span>
              <div class="ignored-methods-div">
                <span class="ignored-method-name">classLevelSetup</span>
                <br/>
                <span class="ignored-method-name">teardown</span>
                <br/>
                <span class="ignored-method-name">airtelMoneyHistoryMenuTest</span>
                <br/>
              </div> <!-- ignored-methods-div -->
            </div> <!-- ignored-class-div -->
          </div> <!-- main-panel-content rounded-window-bottom -->
        </div> <!-- panel -->
        <div panel-name="chronological-Automation_Framework_CS_PORTAl_Test_Suite" class="panel">
          <div class="main-panel-header rounded-window-top">
            <span class="header-content">Methods in chronological order</span>
          </div> <!-- main-panel-header rounded-window-top -->
          <div class="main-panel-content rounded-window-bottom">
            <div class="chronological-class">
              <div class="chronological-class-name">tests.customerInteractionTest</div> <!-- chronological-class-name -->
              <div class="configuration-suite before">
                <span class="method-name">classLevelSetup</span>
                <span class="method-start">0 ms</span>
              </div> <!-- configuration-suite before -->
            </div> <!-- chronological-class -->
            <div class="chronological-class">
              <div class="chronological-class-name">API.APIEndPoints</div> <!-- chronological-class-name -->
              <div class="configuration-method before">
                <span class="method-name">methodLevelSetup</span>
                <span class="method-start">6747 ms</span>
              </div> <!-- configuration-method before -->
              <div class="test-method">
                <span class="method-name">loginAPI(Utils.DataProviders.TestDatabean@184823ed)</span>
                <span class="method-start">6748 ms</span>
              </div> <!-- test-method -->
            </div> <!-- chronological-class -->
            <div class="chronological-class">
              <div class="chronological-class-name">tests.LoginTests</div> <!-- chronological-class-name -->
              <div class="configuration-method before">
                <span class="method-name">methodLevelSetup</span>
                <span class="method-start">12972 ms</span>
              </div> <!-- configuration-method before -->
              <div class="test-method">
                <img src="failed.png">
                </img>
                <span class="method-name">LoggingIN(public void tests.LoginTests.LoggingIN(java.lang.reflect.Method,Utils.DataProviders.TestDatabean), U...)</span>
                <span class="method-start">12973 ms</span>
              </div> <!-- test-method -->
            </div> <!-- chronological-class -->
            <div class="chronological-class">
              <div class="chronological-class-name">tests.sideMenuTests</div> <!-- chronological-class-name -->
              <div class="configuration-method before">
                <span class="method-name">methodLevelSetup</span>
                <span class="method-start">98903 ms</span>
              </div> <!-- configuration-method before -->
              <div class="test-method">
                <img src="failed.png">
                </img>
                <span class="method-name">sideMenuAssert</span>
                <span class="method-start">98903 ms</span>
              </div> <!-- test-method -->
            </div> <!-- chronological-class -->
            <div class="chronological-class">
              <div class="chronological-class-name">tests.customerInteractionTest</div> <!-- chronological-class-name -->
              <div class="configuration-method before">
                <span class="method-name">methodLevelSetup</span>
                <span class="method-start">160357 ms</span>
              </div> <!-- configuration-method before -->
              <div class="test-method">
                <img src="failed.png">
                </img>
                <span class="method-name">openCustomerInteraction(Utils.DataProviders.TestDatabean@26c7b1c6)</span>
                <span class="method-start">160358 ms</span>
              </div> <!-- test-method -->
              <div class="test-method">
                <span class="method-name">validateDemographicInformation</span>
                <span class="method-start">221295 ms</span>
              </div> <!-- test-method -->
              <div class="configuration-method before">
                <span class="method-name">methodLevelSetup</span>
                <span class="method-start">221477 ms</span>
              </div> <!-- configuration-method before -->
              <div class="test-method">
                <img src="failed.png">
                </img>
                <span class="method-name">openCustomerInteractionBySIM(Utils.DataProviders.TestDatabean@59b492ec)</span>
                <span class="method-start">221477 ms</span>
              </div> <!-- test-method -->
              <div class="test-method">
                <span class="method-name">validateDemographicInformationBySIMNumber</span>
                <span class="method-start">282462 ms</span>
              </div> <!-- test-method -->
              <div class="test-method">
                <span class="method-name">invalidMSISDNTest</span>
                <span class="method-start">282463 ms</span>
              </div> <!-- test-method -->
              <div class="configuration-method before">
                <span class="method-name">methodLevelSetup</span>
                <span class="method-start">282676 ms</span>
              </div> <!-- configuration-method before -->
              <div class="test-method">
                <img src="failed.png">
                </img>
                <span class="method-name">openCustomerInteractionAPI(Utils.DataProviders.TestDatabean@10131289)</span>
                <span class="method-start">282677 ms</span>
              </div> <!-- test-method -->
              <div class="test-method">
                <span class="method-name">airtelMoneyTransactionWidgetTest</span>
                <span class="method-start">343627 ms</span>
              </div> <!-- test-method -->
              <div class="configuration-method before">
                <span class="method-name">methodLevelSetup</span>
                <span class="method-start">343628 ms</span>
              </div> <!-- configuration-method before -->
              <div class="test-method">
                <img src="failed.png">
                </img>
                <span class="method-name">yourCurrentBalanceWidgetTest</span>
                <span class="method-start">343628 ms</span>
              </div> <!-- test-method -->
              <div class="test-method">
                <span class="method-name">usageHistoryWidgetTest</span>
                <span class="method-start">411272 ms</span>
              </div> <!-- test-method -->
              <div class="test-method">
                <span class="method-name">rechargeHistoryWidgetTest</span>
                <span class="method-start">411273 ms</span>
              </div> <!-- test-method -->
            </div> <!-- chronological-class -->
            <div class="chronological-class">
              <div class="chronological-class-name">tests.widgetsOptionsTest</div> <!-- chronological-class-name -->
              <div class="configuration-method before">
                <span class="method-name">methodLevelSetup</span>
                <span class="method-start">411467 ms</span>
              </div> <!-- configuration-method before -->
              <div class="test-method">
                <img src="failed.png">
                </img>
                <span class="method-name">openCustomerInteractionAPI(Utils.DataProviders.TestDatabean@7b44bfb8)</span>
                <span class="method-start">411467 ms</span>
              </div> <!-- test-method -->
              <div class="test-method">
                <span class="method-name">daDetailsTest</span>
                <span class="method-start">472367 ms</span>
              </div> <!-- test-method -->
              <div class="test-method">
                <span class="method-name">accumulatorDetailsTest</span>
                <span class="method-start">472368 ms</span>
              </div> <!-- test-method -->
              <div class="test-method">
                <span class="method-name">rechargeHistoryMenuTest</span>
                <span class="method-start">472372 ms</span>
              </div> <!-- test-method -->
              <div class="test-method">
                <span class="method-name">usageHistoryMenuTest</span>
                <span class="method-start">472374 ms</span>
              </div> <!-- test-method -->
            </div> <!-- chronological-class -->
            <div class="chronological-class">
              <div class="chronological-class-name">tests.customerInteractionTest</div> <!-- chronological-class-name -->
              <div class="configuration-suite after">
                <span class="method-name">teardown</span>
                <span class="method-start">472508 ms</span>
              </div> <!-- configuration-suite after -->
          </div> <!-- main-panel-content rounded-window-bottom -->
        </div> <!-- panel -->
      </div> <!-- main-panel-root -->
    </div> <!-- wrapper -->
  </body>
</html>
